2023-12-02T01:07:23+00:00 CRITICAL Uncaught Error: Call to undefined function kidtheme_get_icon_svg() in D:\Website\ntm_wp\wp-content\themes\kidtheme\comments.php:54
Stack trace:
#0 D:\Website\ntm_wp\wp-includes\comment-template.php(1615): require()
#1 D:\Website\ntm_wp\wp-content\themes\kidtheme\single.php(18): comments_template()
#2 D:\Website\ntm_wp\wp-includes\template-loader.php(106): include('D:\\Website\\ntm_...')
#3 D:\Website\ntm_wp\wp-blog-header.php(19): require_once('D:\\Website\\ntm_...')
#4 D:\Website\ntm_wp\index.php(17): require('D:\\Website\\ntm_...')
#5 {main}
  thrown in D:\Website\ntm_wp\wp-content\themes\kidtheme\comments.php on line 54

2023-12-02T01:14:06+00:00 CRITICAL Uncaught Error: Call to undefined function kidtheme_get_icon_svg() in D:\Website\ntm_wp\wp-content\themes\kidtheme\comments.php:54
Stack trace:
#0 D:\Website\ntm_wp\wp-includes\comment-template.php(1615): require()
#1 D:\Website\ntm_wp\wp-content\themes\kidtheme\single.php(18): comments_template()
#2 D:\Website\ntm_wp\wp-includes\template-loader.php(106): include('D:\\Website\\ntm_...')
#3 D:\Website\ntm_wp\wp-blog-header.php(19): require_once('D:\\Website\\ntm_...')
#4 D:\Website\ntm_wp\index.php(17): require('D:\\Website\\ntm_...')
#5 {main}
  thrown in D:\Website\ntm_wp\wp-content\themes\kidtheme\comments.php on line 54

2023-12-02T01:47:42+00:00 CRITICAL Uncaught Error: Call to undefined function kidtheme_get_icon_svg() in D:\Website\ntm_wp\wp-content\themes\kidtheme\comments.php:54
Stack trace:
#0 D:\Website\ntm_wp\wp-includes\comment-template.php(1615): require()
#1 D:\Website\ntm_wp\wp-content\themes\kidtheme\single.php(18): comments_template()
#2 D:\Website\ntm_wp\wp-includes\template-loader.php(106): include('D:\\Website\\ntm_...')
#3 D:\Website\ntm_wp\wp-blog-header.php(19): require_once('D:\\Website\\ntm_...')
#4 D:\Website\ntm_wp\index.php(17): require('D:\\Website\\ntm_...')
#5 {main}
  thrown in D:\Website\ntm_wp\wp-content\themes\kidtheme\comments.php on line 54

2023-12-02T01:51:30+00:00 CRITICAL Uncaught ArgumentCountError: 3 arguments are required, 2 given in D:\Website\ntm_wp\wp-content\themes\kidtheme\comments.php:52
Stack trace:
#0 D:\Website\ntm_wp\wp-content\themes\kidtheme\comments.php(52): sprintf('%s <span class=...', 'Older comments')
#1 D:\Website\ntm_wp\wp-includes\comment-template.php(1615): require('D:\\Website\\ntm_...')
#2 D:\Website\ntm_wp\wp-content\themes\kidtheme\single.php(18): comments_template()
#3 D:\Website\ntm_wp\wp-includes\template-loader.php(106): include('D:\\Website\\ntm_...')
#4 D:\Website\ntm_wp\wp-blog-header.php(19): require_once('D:\\Website\\ntm_...')
#5 D:\Website\ntm_wp\index.php(17): require('D:\\Website\\ntm_...')
#6 {main}
  thrown in D:\Website\ntm_wp\wp-content\themes\kidtheme\comments.php on line 52

2023-12-02T01:52:47+00:00 CRITICAL Uncaught Error: Call to undefined function kidtheme_get_icon_svg() in D:\Website\ntm_wp\wp-content\themes\kidtheme\comments.php:54
Stack trace:
#0 D:\Website\ntm_wp\wp-includes\comment-template.php(1615): require()
#1 D:\Website\ntm_wp\wp-content\themes\kidtheme\single.php(18): comments_template()
#2 D:\Website\ntm_wp\wp-includes\template-loader.php(106): include('D:\\Website\\ntm_...')
#3 D:\Website\ntm_wp\wp-blog-header.php(19): require_once('D:\\Website\\ntm_...')
#4 D:\Website\ntm_wp\index.php(17): require('D:\\Website\\ntm_...')
#5 {main}
  thrown in D:\Website\ntm_wp\wp-content\themes\kidtheme\comments.php on line 54

2023-12-02T02:01:02+00:00 CRITICAL Uncaught Error: Call to undefined function kidtheme_get_icon_svg() in D:\Website\ntm_wp\wp-content\themes\kidtheme\comments.php:55
Stack trace:
#0 D:\Website\ntm_wp\wp-includes\comment-template.php(1615): require()
#1 D:\Website\ntm_wp\wp-content\themes\kidtheme\single.php(18): comments_template()
#2 D:\Website\ntm_wp\wp-includes\template-loader.php(106): include('D:\\Website\\ntm_...')
#3 D:\Website\ntm_wp\wp-blog-header.php(19): require_once('D:\\Website\\ntm_...')
#4 D:\Website\ntm_wp\index.php(17): require('D:\\Website\\ntm_...')
#5 {main}
  thrown in D:\Website\ntm_wp\wp-content\themes\kidtheme\comments.php on line 55

2023-12-02T02:02:31+00:00 CRITICAL Uncaught ArgumentCountError: 3 arguments are required, 2 given in D:\Website\ntm_wp\wp-content\themes\kidtheme\comments.php:53
Stack trace:
#0 D:\Website\ntm_wp\wp-content\themes\kidtheme\comments.php(53): sprintf('%s <span class=...', 'Older comments')
#1 D:\Website\ntm_wp\wp-includes\comment-template.php(1615): require('D:\\Website\\ntm_...')
#2 D:\Website\ntm_wp\wp-content\themes\kidtheme\single.php(18): comments_template()
#3 D:\Website\ntm_wp\wp-includes\template-loader.php(106): include('D:\\Website\\ntm_...')
#4 D:\Website\ntm_wp\wp-blog-header.php(19): require_once('D:\\Website\\ntm_...')
#5 D:\Website\ntm_wp\index.php(17): require('D:\\Website\\ntm_...')
#6 {main}
  thrown in D:\Website\ntm_wp\wp-content\themes\kidtheme\comments.php on line 53

2023-12-02T02:02:38+00:00 CRITICAL Uncaught ArgumentCountError: 3 arguments are required, 2 given in D:\Website\ntm_wp\wp-content\themes\kidtheme\comments.php:53
Stack trace:
#0 D:\Website\ntm_wp\wp-content\themes\kidtheme\comments.php(53): sprintf('%s <span class=...', 'Older comments')
#1 D:\Website\ntm_wp\wp-includes\comment-template.php(1615): require('D:\\Website\\ntm_...')
#2 D:\Website\ntm_wp\wp-content\themes\kidtheme\single.php(18): comments_template()
#3 D:\Website\ntm_wp\wp-includes\template-loader.php(106): include('D:\\Website\\ntm_...')
#4 D:\Website\ntm_wp\wp-blog-header.php(19): require_once('D:\\Website\\ntm_...')
#5 D:\Website\ntm_wp\index.php(17): require('D:\\Website\\ntm_...')
#6 {main}
  thrown in D:\Website\ntm_wp\wp-content\themes\kidtheme\comments.php on line 53

2023-12-02T02:02:54+00:00 CRITICAL Uncaught ArgumentCountError: 3 arguments are required, 2 given in D:\Website\ntm_wp\wp-content\themes\kidtheme\comments.php:53
Stack trace:
#0 D:\Website\ntm_wp\wp-content\themes\kidtheme\comments.php(53): sprintf('%s <span class=...', 'Older comments')
#1 D:\Website\ntm_wp\wp-includes\comment-template.php(1615): require('D:\\Website\\ntm_...')
#2 D:\Website\ntm_wp\wp-content\themes\kidtheme\single.php(18): comments_template()
#3 D:\Website\ntm_wp\wp-includes\template-loader.php(106): include('D:\\Website\\ntm_...')
#4 D:\Website\ntm_wp\wp-blog-header.php(19): require_once('D:\\Website\\ntm_...')
#5 D:\Website\ntm_wp\index.php(17): require('D:\\Website\\ntm_...')
#6 {main}
  thrown in D:\Website\ntm_wp\wp-content\themes\kidtheme\comments.php on line 53

2023-12-02T02:06:33+00:00 CRITICAL Uncaught Error: Call to undefined function kidtheme_get_icon_svg() in D:\Website\ntm_wp\wp-content\themes\kidtheme\comments.php:55
Stack trace:
#0 D:\Website\ntm_wp\wp-includes\comment-template.php(1615): require()
#1 D:\Website\ntm_wp\wp-content\themes\kidtheme\single.php(18): comments_template()
#2 D:\Website\ntm_wp\wp-includes\template-loader.php(106): include('D:\\Website\\ntm_...')
#3 D:\Website\ntm_wp\wp-blog-header.php(19): require_once('D:\\Website\\ntm_...')
#4 D:\Website\ntm_wp\index.php(17): require('D:\\Website\\ntm_...')
#5 {main}
  thrown in D:\Website\ntm_wp\wp-content\themes\kidtheme\comments.php on line 55

