2023-12-14T13:44:50+00:00 CRITICAL Uncaught TypeError: Unsupported operand types: string / string in D:\Website\ntm_wp\wp-content\themes\kidtheme\template-home.php:136
Stack trace:
#0 D:\Website\ntm_wp\wp-includes\template-loader.php(106): include()
#1 D:\Website\ntm_wp\wp-blog-header.php(19): require_once('D:\\Website\\ntm_...')
#2 D:\Website\ntm_wp\index.php(17): require('D:\\Website\\ntm_...')
#3 {main}
  thrown in D:\Website\ntm_wp\wp-content\themes\kidtheme\template-home.php on line 136

2023-12-14T13:45:29+00:00 CRITICAL Uncaught TypeError: Unsupported operand types: string / string in D:\Website\ntm_wp\wp-content\themes\kidtheme\template-home.php:136
Stack trace:
#0 D:\Website\ntm_wp\wp-includes\template-loader.php(106): include()
#1 D:\Website\ntm_wp\wp-blog-header.php(19): require_once('D:\\Website\\ntm_...')
#2 D:\Website\ntm_wp\index.php(17): require('D:\\Website\\ntm_...')
#3 {main}
  thrown in D:\Website\ntm_wp\wp-content\themes\kidtheme\template-home.php on line 136

2023-12-14T13:45:47+00:00 CRITICAL Uncaught TypeError: Unsupported operand types: string / string in D:\Website\ntm_wp\wp-content\themes\kidtheme\template-home.php:136
Stack trace:
#0 D:\Website\ntm_wp\wp-includes\template-loader.php(106): include()
#1 D:\Website\ntm_wp\wp-blog-header.php(19): require_once('D:\\Website\\ntm_...')
#2 D:\Website\ntm_wp\index.php(17): require('D:\\Website\\ntm_...')
#3 {main}
  thrown in D:\Website\ntm_wp\wp-content\themes\kidtheme\template-home.php on line 136

2023-12-14T13:45:52+00:00 CRITICAL Uncaught TypeError: Unsupported operand types: string / string in D:\Website\ntm_wp\wp-content\themes\kidtheme\template-home.php:136
Stack trace:
#0 D:\Website\ntm_wp\wp-includes\template-loader.php(106): include()
#1 D:\Website\ntm_wp\wp-blog-header.php(19): require_once('D:\\Website\\ntm_...')
#2 D:\Website\ntm_wp\index.php(17): require('D:\\Website\\ntm_...')
#3 {main}
  thrown in D:\Website\ntm_wp\wp-content\themes\kidtheme\template-home.php on line 136

2023-12-14T13:45:55+00:00 CRITICAL Uncaught TypeError: Unsupported operand types: string / string in D:\Website\ntm_wp\wp-content\themes\kidtheme\template-home.php:136
Stack trace:
#0 D:\Website\ntm_wp\wp-includes\template-loader.php(106): include()
#1 D:\Website\ntm_wp\wp-blog-header.php(19): require_once('D:\\Website\\ntm_...')
#2 D:\Website\ntm_wp\index.php(17): require('D:\\Website\\ntm_...')
#3 {main}
  thrown in D:\Website\ntm_wp\wp-content\themes\kidtheme\template-home.php on line 136

2023-12-14T13:46:53+00:00 CRITICAL Uncaught TypeError: Unsupported operand types: string / string in D:\Website\ntm_wp\wp-content\themes\kidtheme\template-home.php:136
Stack trace:
#0 D:\Website\ntm_wp\wp-includes\template-loader.php(106): include()
#1 D:\Website\ntm_wp\wp-blog-header.php(19): require_once('D:\\Website\\ntm_...')
#2 D:\Website\ntm_wp\index.php(17): require('D:\\Website\\ntm_...')
#3 {main}
  thrown in D:\Website\ntm_wp\wp-content\themes\kidtheme\template-home.php on line 136

2023-12-14T13:46:58+00:00 CRITICAL Uncaught TypeError: Unsupported operand types: string / string in D:\Website\ntm_wp\wp-content\themes\kidtheme\template-home.php:136
Stack trace:
#0 D:\Website\ntm_wp\wp-includes\template-loader.php(106): include()
#1 D:\Website\ntm_wp\wp-blog-header.php(19): require_once('D:\\Website\\ntm_...')
#2 D:\Website\ntm_wp\index.php(17): require('D:\\Website\\ntm_...')
#3 {main}
  thrown in D:\Website\ntm_wp\wp-content\themes\kidtheme\template-home.php on line 136

2023-12-14T13:47:09+00:00 CRITICAL Uncaught TypeError: Unsupported operand types: string / string in D:\Website\ntm_wp\wp-content\themes\kidtheme\template-home.php:136
Stack trace:
#0 D:\Website\ntm_wp\wp-includes\template-loader.php(106): include()
#1 D:\Website\ntm_wp\wp-blog-header.php(19): require_once('D:\\Website\\ntm_...')
#2 D:\Website\ntm_wp\index.php(17): require('D:\\Website\\ntm_...')
#3 {main}
  thrown in D:\Website\ntm_wp\wp-content\themes\kidtheme\template-home.php on line 136

2023-12-14T13:50:33+00:00 CRITICAL Uncaught TypeError: Unsupported operand types: string / string in D:\Website\ntm_wp\wp-content\themes\kidtheme\template-home.php:136
Stack trace:
#0 D:\Website\ntm_wp\wp-includes\template-loader.php(106): include()
#1 D:\Website\ntm_wp\wp-blog-header.php(19): require_once('D:\\Website\\ntm_...')
#2 D:\Website\ntm_wp\index.php(17): require('D:\\Website\\ntm_...')
#3 {main}
  thrown in D:\Website\ntm_wp\wp-content\themes\kidtheme\template-home.php on line 136

2023-12-14T13:50:48+00:00 CRITICAL Uncaught TypeError: Unsupported operand types: string / string in D:\Website\ntm_wp\wp-content\themes\kidtheme\template-home.php:136
Stack trace:
#0 D:\Website\ntm_wp\wp-includes\template-loader.php(106): include()
#1 D:\Website\ntm_wp\wp-blog-header.php(19): require_once('D:\\Website\\ntm_...')
#2 D:\Website\ntm_wp\index.php(17): require('D:\\Website\\ntm_...')
#3 {main}
  thrown in D:\Website\ntm_wp\wp-content\themes\kidtheme\template-home.php on line 136

