2023-10-30T08:43:23+00:00 CRITICAL Uncaught Error: Call to undefined function kidtheme_get_icon_svg() in D:\Website\ntm_wp\wp-content\themes\kidtheme\comments.php:54
Stack trace:
#0 D:\Website\ntm_wp\wp-includes\comment-template.php(1615): require()
#1 D:\Website\ntm_wp\wp-content\themes\kidtheme\single.php(18): comments_template()
#2 D:\Website\ntm_wp\wp-includes\template-loader.php(106): include('D:\\Website\\ntm_...')
#3 D:\Website\ntm_wp\wp-blog-header.php(19): require_once('D:\\Website\\ntm_...')
#4 D:\Website\ntm_wp\index.php(17): require('D:\\Website\\ntm_...')
#5 {main}
  thrown in D:\Website\ntm_wp\wp-content\themes\kidtheme\comments.php on line 54

2023-10-30T08:43:29+00:00 CRITICAL Uncaught Error: Call to undefined function kidtheme_get_icon_svg() in D:\Website\ntm_wp\wp-content\themes\kidtheme\comments.php:54
Stack trace:
#0 D:\Website\ntm_wp\wp-includes\comment-template.php(1615): require()
#1 D:\Website\ntm_wp\wp-content\themes\kidtheme\single.php(18): comments_template()
#2 D:\Website\ntm_wp\wp-includes\template-loader.php(106): include('D:\\Website\\ntm_...')
#3 D:\Website\ntm_wp\wp-blog-header.php(19): require_once('D:\\Website\\ntm_...')
#4 D:\Website\ntm_wp\index.php(17): require('D:\\Website\\ntm_...')
#5 {main}
  thrown in D:\Website\ntm_wp\wp-content\themes\kidtheme\comments.php on line 54

2023-10-30T08:44:04+00:00 CRITICAL Uncaught Error: Call to undefined function kidtheme_get_icon_svg() in D:\Website\ntm_wp\wp-content\themes\kidtheme\comments.php:54
Stack trace:
#0 D:\Website\ntm_wp\wp-includes\comment-template.php(1615): require()
#1 D:\Website\ntm_wp\wp-content\themes\kidtheme\single.php(18): comments_template()
#2 D:\Website\ntm_wp\wp-includes\template-loader.php(106): include('D:\\Website\\ntm_...')
#3 D:\Website\ntm_wp\wp-blog-header.php(19): require_once('D:\\Website\\ntm_...')
#4 D:\Website\ntm_wp\index.php(17): require('D:\\Website\\ntm_...')
#5 {main}
  thrown in D:\Website\ntm_wp\wp-content\themes\kidtheme\comments.php on line 54

2023-10-30T08:44:20+00:00 CRITICAL Uncaught Error: Call to undefined function kidtheme_get_icon_svg() in D:\Website\ntm_wp\wp-content\themes\kidtheme\comments.php:54
Stack trace:
#0 D:\Website\ntm_wp\wp-includes\comment-template.php(1615): require()
#1 D:\Website\ntm_wp\wp-content\themes\kidtheme\single.php(18): comments_template()
#2 D:\Website\ntm_wp\wp-includes\template-loader.php(106): include('D:\\Website\\ntm_...')
#3 D:\Website\ntm_wp\wp-blog-header.php(19): require_once('D:\\Website\\ntm_...')
#4 D:\Website\ntm_wp\index.php(17): require('D:\\Website\\ntm_...')
#5 {main}
  thrown in D:\Website\ntm_wp\wp-content\themes\kidtheme\comments.php on line 54

2023-10-30T08:44:32+00:00 CRITICAL Uncaught Error: Call to undefined function kidtheme_get_icon_svg() in D:\Website\ntm_wp\wp-content\themes\kidtheme\comments.php:54
Stack trace:
#0 D:\Website\ntm_wp\wp-includes\comment-template.php(1615): require()
#1 D:\Website\ntm_wp\wp-content\themes\kidtheme\single.php(18): comments_template()
#2 D:\Website\ntm_wp\wp-includes\template-loader.php(106): include('D:\\Website\\ntm_...')
#3 D:\Website\ntm_wp\wp-blog-header.php(19): require_once('D:\\Website\\ntm_...')
#4 D:\Website\ntm_wp\index.php(17): require('D:\\Website\\ntm_...')
#5 {main}
  thrown in D:\Website\ntm_wp\wp-content\themes\kidtheme\comments.php on line 54

2023-10-30T08:44:39+00:00 CRITICAL Uncaught Error: Call to undefined function kidtheme_get_icon_svg() in D:\Website\ntm_wp\wp-content\themes\kidtheme\comments.php:54
Stack trace:
#0 D:\Website\ntm_wp\wp-includes\comment-template.php(1615): require()
#1 D:\Website\ntm_wp\wp-content\themes\kidtheme\single.php(18): comments_template()
#2 D:\Website\ntm_wp\wp-includes\template-loader.php(106): include('D:\\Website\\ntm_...')
#3 D:\Website\ntm_wp\wp-blog-header.php(19): require_once('D:\\Website\\ntm_...')
#4 D:\Website\ntm_wp\index.php(17): require('D:\\Website\\ntm_...')
#5 {main}
  thrown in D:\Website\ntm_wp\wp-content\themes\kidtheme\comments.php on line 54

2023-10-30T08:45:07+00:00 CRITICAL Uncaught Error: Call to undefined function kidtheme_get_icon_svg() in D:\Website\ntm_wp\wp-content\themes\kidtheme\comments.php:54
Stack trace:
#0 D:\Website\ntm_wp\wp-includes\comment-template.php(1615): require()
#1 D:\Website\ntm_wp\wp-content\themes\kidtheme\single.php(18): comments_template()
#2 D:\Website\ntm_wp\wp-includes\template-loader.php(106): include('D:\\Website\\ntm_...')
#3 D:\Website\ntm_wp\wp-blog-header.php(19): require_once('D:\\Website\\ntm_...')
#4 D:\Website\ntm_wp\index.php(17): require('D:\\Website\\ntm_...')
#5 {main}
  thrown in D:\Website\ntm_wp\wp-content\themes\kidtheme\comments.php on line 54

2023-10-30T08:45:27+00:00 CRITICAL Uncaught Error: Call to undefined function kidtheme_get_icon_svg() in D:\Website\ntm_wp\wp-content\themes\kidtheme\comments.php:54
Stack trace:
#0 D:\Website\ntm_wp\wp-includes\comment-template.php(1615): require()
#1 D:\Website\ntm_wp\wp-content\themes\kidtheme\single.php(18): comments_template()
#2 D:\Website\ntm_wp\wp-includes\template-loader.php(106): include('D:\\Website\\ntm_...')
#3 D:\Website\ntm_wp\wp-blog-header.php(19): require_once('D:\\Website\\ntm_...')
#4 D:\Website\ntm_wp\index.php(17): require('D:\\Website\\ntm_...')
#5 {main}
  thrown in D:\Website\ntm_wp\wp-content\themes\kidtheme\comments.php on line 54

2023-10-30T08:46:24+00:00 CRITICAL Uncaught Error: Call to undefined function kidtheme_get_icon_svg() in D:\Website\ntm_wp\wp-content\themes\kidtheme\comments.php:54
Stack trace:
#0 D:\Website\ntm_wp\wp-includes\comment-template.php(1615): require()
#1 D:\Website\ntm_wp\wp-content\themes\kidtheme\single.php(18): comments_template()
#2 D:\Website\ntm_wp\wp-includes\template-loader.php(106): include('D:\\Website\\ntm_...')
#3 D:\Website\ntm_wp\wp-blog-header.php(19): require_once('D:\\Website\\ntm_...')
#4 D:\Website\ntm_wp\index.php(17): require('D:\\Website\\ntm_...')
#5 {main}
  thrown in D:\Website\ntm_wp\wp-content\themes\kidtheme\comments.php on line 54

2023-10-30T08:46:30+00:00 CRITICAL Uncaught Error: Call to undefined function kidtheme_get_icon_svg() in D:\Website\ntm_wp\wp-content\themes\kidtheme\comments.php:54
Stack trace:
#0 D:\Website\ntm_wp\wp-includes\comment-template.php(1615): require()
#1 D:\Website\ntm_wp\wp-content\themes\kidtheme\single.php(18): comments_template()
#2 D:\Website\ntm_wp\wp-includes\template-loader.php(106): include('D:\\Website\\ntm_...')
#3 D:\Website\ntm_wp\wp-blog-header.php(19): require_once('D:\\Website\\ntm_...')
#4 D:\Website\ntm_wp\index.php(17): require('D:\\Website\\ntm_...')
#5 {main}
  thrown in D:\Website\ntm_wp\wp-content\themes\kidtheme\comments.php on line 54

2023-10-30T08:46:49+00:00 CRITICAL Uncaught Error: Call to undefined function kidtheme_get_icon_svg() in D:\Website\ntm_wp\wp-content\themes\kidtheme\comments.php:54
Stack trace:
#0 D:\Website\ntm_wp\wp-includes\comment-template.php(1615): require()
#1 D:\Website\ntm_wp\wp-content\themes\kidtheme\single.php(18): comments_template()
#2 D:\Website\ntm_wp\wp-includes\template-loader.php(106): include('D:\\Website\\ntm_...')
#3 D:\Website\ntm_wp\wp-blog-header.php(19): require_once('D:\\Website\\ntm_...')
#4 D:\Website\ntm_wp\index.php(17): require('D:\\Website\\ntm_...')
#5 {main}
  thrown in D:\Website\ntm_wp\wp-content\themes\kidtheme\comments.php on line 54

2023-10-30T08:49:53+00:00 CRITICAL Uncaught Error: Call to undefined function kidtheme_get_icon_svg() in D:\Website\ntm_wp\wp-content\themes\kidtheme\comments.php:54
Stack trace:
#0 D:\Website\ntm_wp\wp-includes\comment-template.php(1615): require()
#1 D:\Website\ntm_wp\wp-content\themes\kidtheme\single.php(18): comments_template()
#2 D:\Website\ntm_wp\wp-includes\template-loader.php(106): include('D:\\Website\\ntm_...')
#3 D:\Website\ntm_wp\wp-blog-header.php(19): require_once('D:\\Website\\ntm_...')
#4 D:\Website\ntm_wp\index.php(17): require('D:\\Website\\ntm_...')
#5 {main}
  thrown in D:\Website\ntm_wp\wp-content\themes\kidtheme\comments.php on line 54

2023-10-30T08:50:18+00:00 CRITICAL Uncaught Error: Call to undefined function kidtheme_get_icon_svg() in D:\Website\ntm_wp\wp-content\themes\kidtheme\comments.php:54
Stack trace:
#0 D:\Website\ntm_wp\wp-includes\comment-template.php(1615): require()
#1 D:\Website\ntm_wp\wp-content\themes\kidtheme\single.php(18): comments_template()
#2 D:\Website\ntm_wp\wp-includes\template-loader.php(106): include('D:\\Website\\ntm_...')
#3 D:\Website\ntm_wp\wp-blog-header.php(19): require_once('D:\\Website\\ntm_...')
#4 D:\Website\ntm_wp\index.php(17): require('D:\\Website\\ntm_...')
#5 {main}
  thrown in D:\Website\ntm_wp\wp-content\themes\kidtheme\comments.php on line 54

2023-10-30T08:50:18+00:00 CRITICAL Uncaught Error: Call to undefined function kidtheme_get_icon_svg() in D:\Website\ntm_wp\wp-content\themes\kidtheme\comments.php:54
Stack trace:
#0 D:\Website\ntm_wp\wp-includes\comment-template.php(1615): require()
#1 D:\Website\ntm_wp\wp-content\themes\kidtheme\single.php(18): comments_template()
#2 D:\Website\ntm_wp\wp-includes\template-loader.php(106): include('D:\\Website\\ntm_...')
#3 D:\Website\ntm_wp\wp-blog-header.php(19): require_once('D:\\Website\\ntm_...')
#4 D:\Website\ntm_wp\index.php(17): require('D:\\Website\\ntm_...')
#5 {main}
  thrown in D:\Website\ntm_wp\wp-content\themes\kidtheme\comments.php on line 54

2023-10-30T08:56:38+00:00 CRITICAL Uncaught Error: Call to undefined function kidtheme_get_icon_svg() in D:\Website\ntm_wp\wp-content\themes\kidtheme\comments.php:54
Stack trace:
#0 D:\Website\ntm_wp\wp-includes\comment-template.php(1615): require()
#1 D:\Website\ntm_wp\wp-content\themes\kidtheme\single.php(18): comments_template()
#2 D:\Website\ntm_wp\wp-includes\template-loader.php(106): include('D:\\Website\\ntm_...')
#3 D:\Website\ntm_wp\wp-blog-header.php(19): require_once('D:\\Website\\ntm_...')
#4 D:\Website\ntm_wp\index.php(17): require('D:\\Website\\ntm_...')
#5 {main}
  thrown in D:\Website\ntm_wp\wp-content\themes\kidtheme\comments.php on line 54

2023-10-30T09:34:10+00:00 CRITICAL Uncaught Error: Call to undefined function kidtheme_get_icon_svg() in D:\Website\ntm_wp\wp-content\themes\kidtheme\comments.php:54
Stack trace:
#0 D:\Website\ntm_wp\wp-includes\comment-template.php(1615): require()
#1 D:\Website\ntm_wp\wp-content\themes\kidtheme\single.php(18): comments_template()
#2 D:\Website\ntm_wp\wp-includes\template-loader.php(106): include('D:\\Website\\ntm_...')
#3 D:\Website\ntm_wp\wp-blog-header.php(19): require_once('D:\\Website\\ntm_...')
#4 D:\Website\ntm_wp\index.php(17): require('D:\\Website\\ntm_...')
#5 {main}
  thrown in D:\Website\ntm_wp\wp-content\themes\kidtheme\comments.php on line 54

2023-10-30T09:34:18+00:00 CRITICAL Uncaught Error: Call to undefined function kidtheme_get_icon_svg() in D:\Website\ntm_wp\wp-content\themes\kidtheme\comments.php:54
Stack trace:
#0 D:\Website\ntm_wp\wp-includes\comment-template.php(1615): require()
#1 D:\Website\ntm_wp\wp-content\themes\kidtheme\single.php(18): comments_template()
#2 D:\Website\ntm_wp\wp-includes\template-loader.php(106): include('D:\\Website\\ntm_...')
#3 D:\Website\ntm_wp\wp-blog-header.php(19): require_once('D:\\Website\\ntm_...')
#4 D:\Website\ntm_wp\index.php(17): require('D:\\Website\\ntm_...')
#5 {main}
  thrown in D:\Website\ntm_wp\wp-content\themes\kidtheme\comments.php on line 54

2023-10-30T11:49:14+00:00 CRITICAL Uncaught Error: Call to undefined function kidtheme_get_icon_svg() in D:\Website\ntm_wp\wp-content\themes\kidtheme\comments.php:54
Stack trace:
#0 D:\Website\ntm_wp\wp-includes\comment-template.php(1615): require()
#1 D:\Website\ntm_wp\wp-content\themes\kidtheme\single.php(18): comments_template()
#2 D:\Website\ntm_wp\wp-includes\template-loader.php(106): include('D:\\Website\\ntm_...')
#3 D:\Website\ntm_wp\wp-blog-header.php(19): require_once('D:\\Website\\ntm_...')
#4 D:\Website\ntm_wp\index.php(17): require('D:\\Website\\ntm_...')
#5 {main}
  thrown in D:\Website\ntm_wp\wp-content\themes\kidtheme\comments.php on line 54

2023-10-30T11:50:05+00:00 CRITICAL Uncaught Error: Call to undefined function kidtheme_get_icon_svg() in D:\Website\ntm_wp\wp-content\themes\kidtheme\comments.php:54
Stack trace:
#0 D:\Website\ntm_wp\wp-includes\comment-template.php(1615): require()
#1 D:\Website\ntm_wp\wp-content\themes\kidtheme\single.php(18): comments_template()
#2 D:\Website\ntm_wp\wp-includes\template-loader.php(106): include('D:\\Website\\ntm_...')
#3 D:\Website\ntm_wp\wp-blog-header.php(19): require_once('D:\\Website\\ntm_...')
#4 D:\Website\ntm_wp\index.php(17): require('D:\\Website\\ntm_...')
#5 {main}
  thrown in D:\Website\ntm_wp\wp-content\themes\kidtheme\comments.php on line 54

