2023-09-28T14:42:25+00:00 CRITICAL syntax error, unexpected token "}" in D:\Website\ntm_wp\wp-content\themes\kidtheme\functions.php on line 28

2023-09-28T14:49:25+00:00 CRITICAL Uncaught TypeError: call_user_func(): Argument #1 ($callback) must be a valid callback, function "woocommerce" not found or invalid function name in D:\Website\ntm_wp\wp-includes\class-wp-hook.php:308
Stack trace:
#0 D:\Website\ntm_wp\wp-includes\class-wp-hook.php(334): WP_Hook->apply_filters('', Array)
#1 D:\Website\ntm_wp\wp-includes\plugin.php(517): WP_Hook->do_action(Array)
#2 D:\Website\ntm_wp\wp-settings.php(610): do_action('after_setup_the...')
#3 D:\Website\ntm_wp\wp-config.php(96): require_once('D:\\Website\\ntm_...')
#4 D:\Website\ntm_wp\wp-load.php(50): require_once('D:\\Website\\ntm_...')
#5 D:\Website\ntm_wp\wp-admin\admin-ajax.php(22): require_once('D:\\Website\\ntm_...')
#6 {main}
  thrown in D:\Website\ntm_wp\wp-includes\class-wp-hook.php on line 308

2023-09-28T14:49:31+00:00 CRITICAL Uncaught TypeError: call_user_func(): Argument #1 ($callback) must be a valid callback, function "woocommerce" not found or invalid function name in D:\Website\ntm_wp\wp-includes\class-wp-hook.php:308
Stack trace:
#0 D:\Website\ntm_wp\wp-includes\class-wp-hook.php(334): WP_Hook->apply_filters('', Array)
#1 D:\Website\ntm_wp\wp-includes\plugin.php(517): WP_Hook->do_action(Array)
#2 D:\Website\ntm_wp\wp-settings.php(610): do_action('after_setup_the...')
#3 D:\Website\ntm_wp\wp-config.php(96): require_once('D:\\Website\\ntm_...')
#4 D:\Website\ntm_wp\wp-load.php(50): require_once('D:\\Website\\ntm_...')
#5 D:\Website\ntm_wp\wp-admin\admin.php(34): require_once('D:\\Website\\ntm_...')
#6 {main}
  thrown in D:\Website\ntm_wp\wp-includes\class-wp-hook.php on line 308

2023-09-28T15:27:14+00:00 CRITICAL Uncaught TypeError: call_user_func_array(): Argument #1 ($callback) must be a valid callback, function "kidtheme_add_woocommerce_support" not found or invalid function name in D:\Website\ntm_wp\wp-includes\class-wp-hook.php:310
Stack trace:
#0 D:\Website\ntm_wp\wp-includes\class-wp-hook.php(334): WP_Hook->apply_filters(NULL, Array)
#1 D:\Website\ntm_wp\wp-includes\plugin.php(517): WP_Hook->do_action(Array)
#2 D:\Website\ntm_wp\wp-settings.php(610): do_action('after_setup_the...')
#3 D:\Website\ntm_wp\wp-config.php(96): require_once('D:\\Website\\ntm_...')
#4 D:\Website\ntm_wp\wp-load.php(50): require_once('D:\\Website\\ntm_...')
#5 D:\Website\ntm_wp\wp-admin\admin-ajax.php(22): require_once('D:\\Website\\ntm_...')
#6 {main}
  thrown in D:\Website\ntm_wp\wp-includes\class-wp-hook.php on line 310

2023-09-28T15:27:15+00:00 CRITICAL Uncaught TypeError: call_user_func_array(): Argument #1 ($callback) must be a valid callback, function "kidtheme_add_woocommerce_support" not found or invalid function name in D:\Website\ntm_wp\wp-includes\class-wp-hook.php:310
Stack trace:
#0 D:\Website\ntm_wp\wp-includes\class-wp-hook.php(334): WP_Hook->apply_filters(NULL, Array)
#1 D:\Website\ntm_wp\wp-includes\plugin.php(517): WP_Hook->do_action(Array)
#2 D:\Website\ntm_wp\wp-settings.php(610): do_action('after_setup_the...')
#3 D:\Website\ntm_wp\wp-config.php(96): require_once('D:\\Website\\ntm_...')
#4 D:\Website\ntm_wp\wp-load.php(50): require_once('D:\\Website\\ntm_...')
#5 D:\Website\ntm_wp\wp-admin\admin.php(34): require_once('D:\\Website\\ntm_...')
#6 {main}
  thrown in D:\Website\ntm_wp\wp-includes\class-wp-hook.php on line 310

2023-09-28T15:27:35+00:00 CRITICAL Uncaught TypeError: call_user_func_array(): Argument #1 ($callback) must be a valid callback, function "kidtheme_add_woocommerce_support" not found or invalid function name in D:\Website\ntm_wp\wp-includes\class-wp-hook.php:310
Stack trace:
#0 D:\Website\ntm_wp\wp-includes\class-wp-hook.php(334): WP_Hook->apply_filters(NULL, Array)
#1 D:\Website\ntm_wp\wp-includes\plugin.php(517): WP_Hook->do_action(Array)
#2 D:\Website\ntm_wp\wp-settings.php(610): do_action('after_setup_the...')
#3 D:\Website\ntm_wp\wp-config.php(96): require_once('D:\\Website\\ntm_...')
#4 D:\Website\ntm_wp\wp-load.php(50): require_once('D:\\Website\\ntm_...')
#5 D:\Website\ntm_wp\wp-admin\admin.php(34): require_once('D:\\Website\\ntm_...')
#6 {main}
  thrown in D:\Website\ntm_wp\wp-includes\class-wp-hook.php on line 310

2023-09-28T15:30:21+00:00 CRITICAL Uncaught TypeError: call_user_func_array(): Argument #1 ($callback) must be a valid callback, function "KidTheme_add_woocommerce_support" not found or invalid function name in D:\Website\ntm_wp\wp-includes\class-wp-hook.php:310
Stack trace:
#0 D:\Website\ntm_wp\wp-includes\class-wp-hook.php(334): WP_Hook->apply_filters(NULL, Array)
#1 D:\Website\ntm_wp\wp-includes\plugin.php(517): WP_Hook->do_action(Array)
#2 D:\Website\ntm_wp\wp-settings.php(610): do_action('after_setup_the...')
#3 D:\Website\ntm_wp\wp-config.php(96): require_once('D:\\Website\\ntm_...')
#4 D:\Website\ntm_wp\wp-load.php(50): require_once('D:\\Website\\ntm_...')
#5 D:\Website\ntm_wp\wp-admin\admin.php(34): require_once('D:\\Website\\ntm_...')
#6 {main}
  thrown in D:\Website\ntm_wp\wp-includes\class-wp-hook.php on line 310

2023-09-28T15:30:25+00:00 CRITICAL Uncaught TypeError: call_user_func_array(): Argument #1 ($callback) must be a valid callback, function "KidTheme_add_woocommerce_support" not found or invalid function name in D:\Website\ntm_wp\wp-includes\class-wp-hook.php:310
Stack trace:
#0 D:\Website\ntm_wp\wp-includes\class-wp-hook.php(334): WP_Hook->apply_filters(NULL, Array)
#1 D:\Website\ntm_wp\wp-includes\plugin.php(517): WP_Hook->do_action(Array)
#2 D:\Website\ntm_wp\wp-settings.php(610): do_action('after_setup_the...')
#3 D:\Website\ntm_wp\wp-config.php(96): require_once('D:\\Website\\ntm_...')
#4 D:\Website\ntm_wp\wp-load.php(50): require_once('D:\\Website\\ntm_...')
#5 D:\Website\ntm_wp\wp-admin\admin.php(34): require_once('D:\\Website\\ntm_...')
#6 {main}
  thrown in D:\Website\ntm_wp\wp-includes\class-wp-hook.php on line 310

2023-09-28T15:30:27+00:00 CRITICAL Uncaught TypeError: call_user_func_array(): Argument #1 ($callback) must be a valid callback, function "KidTheme_add_woocommerce_support" not found or invalid function name in D:\Website\ntm_wp\wp-includes\class-wp-hook.php:310
Stack trace:
#0 D:\Website\ntm_wp\wp-includes\class-wp-hook.php(334): WP_Hook->apply_filters(NULL, Array)
#1 D:\Website\ntm_wp\wp-includes\plugin.php(517): WP_Hook->do_action(Array)
#2 D:\Website\ntm_wp\wp-settings.php(610): do_action('after_setup_the...')
#3 D:\Website\ntm_wp\wp-config.php(96): require_once('D:\\Website\\ntm_...')
#4 D:\Website\ntm_wp\wp-load.php(50): require_once('D:\\Website\\ntm_...')
#5 D:\Website\ntm_wp\wp-admin\admin.php(34): require_once('D:\\Website\\ntm_...')
#6 D:\Website\ntm_wp\wp-admin\index.php(10): require_once('D:\\Website\\ntm_...')
#7 {main}
  thrown in D:\Website\ntm_wp\wp-includes\class-wp-hook.php on line 310

2023-09-28T15:35:12+00:00 CRITICAL syntax error, unexpected end of file in D:\Website\ntm_wp\wp-content\themes\kidtheme\functions.php on line 29

