2023-09-29T02:40:44+00:00 CRITICAL syntax error, unexpected single-quoted string "default_rows", expecting ")" in D:\Website\ntm_wp\wp-content\themes\kidtheme\functions.php on line 34

2023-09-29T02:40:55+00:00 CRITICAL syntax error, unexpected single-quoted string "default_rows", expecting ")" in D:\Website\ntm_wp\wp-content\themes\kidtheme\functions.php on line 34

2023-09-29T02:40:55+00:00 CRITICAL syntax error, unexpected single-quoted string "default_rows", expecting ")" in D:\Website\ntm_wp\wp-content\themes\kidtheme\functions.php on line 34

2023-09-29T02:40:55+00:00 CRITICAL syntax error, unexpected single-quoted string "default_rows", expecting ")" in D:\Website\ntm_wp\wp-content\themes\kidtheme\functions.php on line 34

2023-09-29T02:41:06+00:00 CRITICAL syntax error, unexpected single-quoted string "default_rows", expecting ")" in D:\Website\ntm_wp\wp-content\themes\kidtheme\functions.php on line 34

2023-09-29T02:41:10+00:00 CRITICAL syntax error, unexpected single-quoted string "default_rows", expecting ")" in D:\Website\ntm_wp\wp-content\themes\kidtheme\functions.php on line 34

2023-09-29T02:41:15+00:00 CRITICAL syntax error, unexpected single-quoted string "default_rows", expecting ")" in D:\Website\ntm_wp\wp-content\themes\kidtheme\functions.php on line 34

2023-09-29T02:41:22+00:00 CRITICAL syntax error, unexpected single-quoted string "default_rows", expecting ")" in D:\Website\ntm_wp\wp-content\themes\kidtheme\functions.php on line 34

2023-09-29T02:41:23+00:00 CRITICAL syntax error, unexpected single-quoted string "default_rows", expecting ")" in D:\Website\ntm_wp\wp-content\themes\kidtheme\functions.php on line 34

2023-09-29T02:42:57+00:00 CRITICAL syntax error, unexpected token "}" in D:\Website\ntm_wp\wp-content\themes\kidtheme\functions.php on line 44

2023-09-29T03:30:28+00:00 CRITICAL Unmatched ')' in D:\Website\ntm_wp\wp-content\themes\kidtheme\functions.php on line 42

2023-09-29T04:31:14+00:00 CRITICAL syntax error, unexpected token ";", expecting ")" in D:\Website\ntm_wp\wp-content\themes\kidtheme\functions.php on line 36

2023-09-29T08:17:40+00:00 CRITICAL syntax error, unexpected end of file in D:\Website\ntm_wp\wp-content\themes\kidtheme\functions.php on line 52

2023-09-29T08:19:41+00:00 CRITICAL syntax error, unexpected string content "<div class=""" in D:\Website\ntm_wp\wp-content\themes\kidtheme\functions.php on line 51

2023-09-29T08:41:52+00:00 CRITICAL syntax error, unexpected end of file in D:\Website\ntm_wp\wp-content\themes\kidtheme\functions.php on line 54

2023-09-29T08:43:53+00:00 CRITICAL syntax error, unexpected token "}", expecting "," or ";" in D:\Website\ntm_wp\wp-content\themes\kidtheme\functions.php on line 56

2023-09-29T09:02:02+00:00 CRITICAL syntax error, unexpected single-quoted string "woocommerce_sidebar", expecting variable in D:\Website\ntm_wp\wp-content\themes\kidtheme\functions.php on line 60

2023-09-29T09:06:04+00:00 CRITICAL syntax error, unexpected end of file in D:\Website\ntm_wp\wp-content\themes\kidtheme\functions.php on line 65

2023-09-29T09:12:07+00:00 CRITICAL syntax error, unexpected end of file, expecting "(" in D:\Website\ntm_wp\wp-content\themes\kidtheme\functions.php on line 70

2023-09-29T09:14:08+00:00 CRITICAL syntax error, unexpected end of file in D:\Website\ntm_wp\wp-content\themes\kidtheme\functions.php on line 73

2023-09-29T09:22:12+00:00 CRITICAL syntax error, unexpected end of file, expecting "(" in D:\Website\ntm_wp\wp-content\themes\kidtheme\functions.php on line 79

2023-09-29T09:36:19+00:00 CRITICAL Uncaught Error: Failed opening required 'D:\Website\ntm_wp/wp-content/themes/kidtheme/inc/wc-modifications.php' (include_path='C:\xampp\php\PEAR') in D:\Website\ntm_wp\wp-content\themes\kidtheme\functions.php:49
Stack trace:
#0 D:\Website\ntm_wp\wp-settings.php(600): include()
#1 D:\Website\ntm_wp\wp-config.php(96): require_once('D:\\Website\\ntm_...')
#2 D:\Website\ntm_wp\wp-load.php(50): require_once('D:\\Website\\ntm_...')
#3 D:\Website\ntm_wp\wp-admin\admin-ajax.php(22): require_once('D:\\Website\\ntm_...')
#4 {main}
  thrown in D:\Website\ntm_wp\wp-content\themes\kidtheme\functions.php on line 49

2023-09-29T09:37:28+00:00 CRITICAL Uncaught Error: Failed opening required 'D:\Website\ntm_wp/wp-content/themes/kidtheme/inc/wc-modifications.php' (include_path='C:\xampp\php\PEAR') in D:\Website\ntm_wp\wp-content\themes\kidtheme\functions.php:51
Stack trace:
#0 D:\Website\ntm_wp\wp-settings.php(600): include()
#1 D:\Website\ntm_wp\wp-config.php(96): require_once('D:\\Website\\ntm_...')
#2 D:\Website\ntm_wp\wp-load.php(50): require_once('D:\\Website\\ntm_...')
#3 D:\Website\ntm_wp\wp-blog-header.php(13): require_once('D:\\Website\\ntm_...')
#4 D:\Website\ntm_wp\index.php(17): require('D:\\Website\\ntm_...')
#5 {main}
  thrown in D:\Website\ntm_wp\wp-content\themes\kidtheme\functions.php on line 51

2023-09-29T10:50:32+00:00 CRITICAL Uncaught Error: Undefined constant "class_ex" in D:\Website\ntm_wp\wp-content\themes\kidtheme\functions.php:50
Stack trace:
#0 D:\Website\ntm_wp\wp-settings.php(600): include()
#1 D:\Website\ntm_wp\wp-config.php(96): require_once('D:\\Website\\ntm_...')
#2 D:\Website\ntm_wp\wp-load.php(50): require_once('D:\\Website\\ntm_...')
#3 D:\Website\ntm_wp\wp-admin\admin-ajax.php(22): require_once('D:\\Website\\ntm_...')
#4 {main}
  thrown in D:\Website\ntm_wp\wp-content\themes\kidtheme\functions.php on line 50

